<?xml version="1.0" encoding="UTF-8"?>
<!-- Generated by org.testng.reporters.JUnitXMLReporter -->
<testsuite hostname="LAPTOP-PTI6DNB4" ignored="0" name="Command line test" tests="9" failures="0" timestamp="19 Nov 2019 10:55:08 GMT" time="0.161" errors="0">
  <testcase name="@BeforeClass getBrowser" time="0.114" classname="com.vTiger.genericLib.BaseClass">
    <failure type="java.lang.IllegalStateException" message="The path to the driver executable must be set by the webdriver.chrome.driver system property; for more information, see https://github.com/SeleniumHQ/selenium/wiki/ChromeDriver. The latest version can be downloaded from http://chromedriver.storage.googleapis.com/index.html">
      <![CDATA[java.lang.IllegalStateException: The path to the driver executable must be set by the webdriver.chrome.driver system property; for more information, see https://github.com/SeleniumHQ/selenium/wiki/ChromeDriver. The latest version can be downloaded from http://chromedriver.storage.googleapis.com/index.html
	at com.google.common.base.Preconditions.checkState(Preconditions.java:847)
	at org.openqa.selenium.remote.service.DriverService.findExecutable(DriverService.java:134)
	at org.openqa.selenium.chrome.ChromeDriverService.access$000(ChromeDriverService.java:35)
	at org.openqa.selenium.chrome.ChromeDriverService$Builder.findDefaultExecutable(ChromeDriverService.java:159)
	at org.openqa.selenium.remote.service.DriverService$Builder.build(DriverService.java:355)
	at org.openqa.selenium.chrome.ChromeDriverService.createDefaultService(ChromeDriverService.java:94)
	at org.openqa.selenium.chrome.ChromeDriver.<init>(ChromeDriver.java:123)
	at com.vTiger.genericLib.BaseClass.getBrowser(BaseClass.java:37)
... Removed 35 stack frames]]>
    </failure>
  </testcase> <!-- @BeforeClass getBrowser -->
  <testcase name="@BeforeMethod LoginTest" time="0.0" classname="com.vTiger.genericLib.BaseClass">
    <skipped/>
  </testcase> <!-- @BeforeMethod LoginTest -->
  <testcase name="@AfterClass closeBrowser" time="0.0" classname="com.vTiger.genericLib.BaseClass">
    <skipped/>
  </testcase> <!-- @AfterClass closeBrowser -->
  <testcase name="@BeforeClass getBrowser" time="0.0" classname="com.vTiger.genericLib.BaseClass">
    <skipped/>
  </testcase> <!-- @BeforeClass getBrowser -->
  <testcase name="@BeforeMethod LoginTest" time="0.0" classname="com.vTiger.genericLib.BaseClass">
    <skipped/>
  </testcase> <!-- @BeforeMethod LoginTest -->
  <testcase name="@AfterClass closeBrowser" time="0.0" classname="com.vTiger.genericLib.BaseClass">
    <skipped/>
  </testcase> <!-- @AfterClass closeBrowser -->
  <testcase name="@BeforeClass getBrowser" time="0.0" classname="com.vTiger.genericLib.BaseClass">
    <skipped/>
  </testcase> <!-- @BeforeClass getBrowser -->
  <testcase name="@BeforeMethod LoginTest" time="0.0" classname="com.vTiger.genericLib.BaseClass">
    <skipped/>
  </testcase> <!-- @BeforeMethod LoginTest -->
  <testcase name="@AfterClass closeBrowser" time="0.0" classname="com.vTiger.genericLib.BaseClass">
    <skipped/>
  </testcase> <!-- @AfterClass closeBrowser -->
  <testcase name="@BeforeClass getBrowser" time="0.0" classname="com.vTiger.genericLib.BaseClass">
    <skipped/>
  </testcase> <!-- @BeforeClass getBrowser -->
  <testcase name="@BeforeMethod LoginTest" time="0.0" classname="com.vTiger.genericLib.BaseClass">
    <skipped/>
  </testcase> <!-- @BeforeMethod LoginTest -->
  <testcase name="@AfterClass closeBrowser" time="0.0" classname="com.vTiger.genericLib.BaseClass">
    <skipped/>
  </testcase> <!-- @AfterClass closeBrowser -->
  <testcase name="@BeforeClass getBrowser" time="0.0" classname="com.vTiger.genericLib.BaseClass">
    <skipped/>
  </testcase> <!-- @BeforeClass getBrowser -->
  <testcase name="@BeforeMethod LoginTest" time="0.0" classname="com.vTiger.genericLib.BaseClass">
    <skipped/>
  </testcase> <!-- @BeforeMethod LoginTest -->
  <testcase name="@AfterClass closeBrowser" time="0.0" classname="com.vTiger.genericLib.BaseClass">
    <skipped/>
  </testcase> <!-- @AfterClass closeBrowser -->
  <testcase name="@BeforeClass getBrowser" time="0.0" classname="com.vTiger.genericLib.BaseClass">
    <skipped/>
  </testcase> <!-- @BeforeClass getBrowser -->
  <testcase name="@BeforeMethod LoginTest" time="0.0" classname="com.vTiger.genericLib.BaseClass">
    <skipped/>
  </testcase> <!-- @BeforeMethod LoginTest -->
  <testcase name="@AfterClass closeBrowser" time="0.0" classname="com.vTiger.genericLib.BaseClass">
    <skipped/>
  </testcase> <!-- @AfterClass closeBrowser -->
  <testcase name="@BeforeClass getBrowser" time="0.0" classname="com.vTiger.genericLib.BaseClass">
    <skipped/>
  </testcase> <!-- @BeforeClass getBrowser -->
  <testcase name="@BeforeMethod LoginTest" time="0.0" classname="com.vTiger.genericLib.BaseClass">
    <skipped/>
  </testcase> <!-- @BeforeMethod LoginTest -->
  <testcase name="@AfterClass closeBrowser" time="0.0" classname="com.vTiger.genericLib.BaseClass">
    <skipped/>
  </testcase> <!-- @AfterClass closeBrowser -->
  <testcase name="@BeforeClass getBrowser" time="0.0" classname="com.vTiger.genericLib.BaseClass">
    <skipped/>
  </testcase> <!-- @BeforeClass getBrowser -->
  <testcase name="@BeforeMethod LoginTest" time="0.0" classname="com.vTiger.genericLib.BaseClass">
    <skipped/>
  </testcase> <!-- @BeforeMethod LoginTest -->
  <testcase name="@AfterClass closeBrowser" time="0.0" classname="com.vTiger.genericLib.BaseClass">
    <skipped/>
  </testcase> <!-- @AfterClass closeBrowser -->
  <testcase name="@BeforeClass getBrowser" time="0.0" classname="com.vTiger.genericLib.BaseClass">
    <skipped/>
  </testcase> <!-- @BeforeClass getBrowser -->
  <testcase name="@BeforeMethod LoginTest" time="0.0" classname="com.vTiger.genericLib.BaseClass">
    <skipped/>
  </testcase> <!-- @BeforeMethod LoginTest -->
  <testcase name="@AfterClass closeBrowser" time="0.0" classname="com.vTiger.genericLib.BaseClass">
    <skipped/>
  </testcase> <!-- @AfterClass closeBrowser -->
  <testcase name="cretaeDuplicate_OrgTest" time="0.001" classname="com.vTiger.CreateOrganizationTest.CreateDuplicateOrganizationTest">
    <skipped/>
  </testcase> <!-- cretaeDuplicate_OrgTest -->
  <testcase name="qc_Duplicate_Organization" time="0.0" classname="com.vTiger.CreateOrganizationTest.CreateDuplicateOrganizationUsingQuickCreateTest">
    <skipped/>
  </testcase> <!-- qc_Duplicate_Organization -->
  <testcase name="create_Invalid_OrganizationTest" time="0.0" classname="com.vTiger.CreateOrganizationTest.CreateInvalidOrganizationTest">
    <skipped/>
  </testcase> <!-- create_Invalid_OrganizationTest -->
  <testcase name="assignTOGroupTest" time="0.0" classname="com.vTiger.CreateOrganizationTest.CreateOrganizationAssignToGroupTest">
    <skipped/>
  </testcase> <!-- assignTOGroupTest -->
  <testcase name="assignUser" time="0.0" classname="com.vTiger.CreateOrganizationTest.CreateOrganizationAssignToUserTest">
    <skipped/>
  </testcase> <!-- assignUser -->
  <testcase name="createOrganization" time="0.0" classname="com.vTiger.CreateOrganizationTest.CreateOrganizationTest">
    <skipped/>
  </testcase> <!-- createOrganization -->
  <testcase name="qc_GroupAssign" time="0.0" classname="com.vTiger.CreateOrganizationTest.CreateOrganizationUsingQuickCreateAndAssignToGroupTest">
    <skipped/>
  </testcase> <!-- qc_GroupAssign -->
  <testcase name="assignIndustryTest" time="0.016" classname="com.vTiger.CreateOrganizationTest.CreateOrganization_Assign_IndustryTest">
    <skipped/>
  </testcase> <!-- assignIndustryTest -->
  <testcase name="assignMember" time="0.0" classname="com.vTiger.CreateOrganizationTest.CreateOrganization_Assign_MemberOfTest">
    <skipped/>
  </testcase> <!-- assignMember -->
</testsuite> <!-- Command line test -->
