<?xml version="1.0" encoding="UTF-8" ?>
<testsuite tests="36" failures="1" name="TestSuite" time="25.013" errors="0" skipped="35">
  <properties>
[...]
</properties>
  <testcase classname="com.vTiger.CreateOrganizationTest.CreateDuplicateOrganizationTest" name="getBrowser" time="0.66">
    <failure message="The path to the driver executable must be set by the webdriver.chrome.driver system property; for more information, see https://github.com/SeleniumHQ/selenium/wiki/ChromeDriver. The latest version can be downloaded from http://chromedriver.storage.googleapis.com/index.html" type="java.lang.IllegalStateException">java.lang.IllegalStateException: The path to the driver executable must be set by the webdriver.chrome.driver system property; for more information, see https://github.com/SeleniumHQ/selenium/wiki/ChromeDriver. The latest version can be downloaded from http://chromedriver.storage.googleapis.com/index.html
	at com.google.common.base.Preconditions.checkState(Preconditions.java:847)
	at org.openqa.selenium.remote.service.DriverService.findExecutable(DriverService.java:134)
	at org.openqa.selenium.chrome.ChromeDriverService.access$000(ChromeDriverService.java:35)
	at org.openqa.selenium.chrome.ChromeDriverService$Builder.findDefaultExecutable(ChromeDriverService.java:159)
	at org.openqa.selenium.remote.service.DriverService$Builder.build(DriverService.java:355)
	at org.openqa.selenium.chrome.ChromeDriverService.createDefaultService(ChromeDriverService.java:94)
	at org.openqa.selenium.chrome.ChromeDriver.&lt;init&gt;(ChromeDriver.java:123)
	at com.vTiger.genericLib.BaseClass.getBrowser(BaseClass.java:37)
	at sun.reflect.NativeMethodAccessorImpl.invoke0(Native Method)
	at sun.reflect.NativeMethodAccessorImpl.invoke(NativeMethodAccessorImpl.java:62)
	at sun.reflect.DelegatingMethodAccessorImpl.invoke(DelegatingMethodAccessorImpl.java:43)
	at java.lang.reflect.Method.invoke(Method.java:498)
	at org.testng.internal.MethodInvocationHelper.invokeMethod(MethodInvocationHelper.java:108)
	at org.testng.internal.Invoker.invokeConfigurationMethod(Invoker.java:523)
	at org.testng.internal.Invoker.invokeConfigurations(Invoker.java:224)
	at org.testng.internal.Invoker.invokeConfigurations(Invoker.java:146)
	at org.testng.internal.TestMethodWorker.invokeBeforeClassMethods(TestMethodWorker.java:166)
	at org.testng.internal.TestMethodWorker.run(TestMethodWorker.java:105)
	at org.testng.TestRunner.privateRun(TestRunner.java:744)
	at org.testng.TestRunner.run(TestRunner.java:602)
	at org.testng.SuiteRunner.runTest(SuiteRunner.java:380)
	at org.testng.SuiteRunner.runSequentially(SuiteRunner.java:375)
	at org.testng.SuiteRunner.privateRun(SuiteRunner.java:340)
	at org.testng.SuiteRunner.run(SuiteRunner.java:289)
	at org.testng.SuiteRunnerWorker.runSuite(SuiteRunnerWorker.java:52)
	at org.testng.SuiteRunnerWorker.run(SuiteRunnerWorker.java:86)
	at org.testng.TestNG.runSuitesSequentially(TestNG.java:1301)
	at org.testng.TestNG.runSuitesLocally(TestNG.java:1226)
	at org.testng.TestNG.runSuites(TestNG.java:1144)
	at org.testng.TestNG.run(TestNG.java:1115)
	at org.apache.maven.surefire.testng.TestNGExecutor.run(TestNGExecutor.java:77)
	at org.apache.maven.surefire.testng.TestNGDirectoryTestSuite.executeMulti(TestNGDirectoryTestSuite.java:159)
	at org.apache.maven.surefire.testng.TestNGDirectoryTestSuite.execute(TestNGDirectoryTestSuite.java:99)
	at org.apache.maven.surefire.testng.TestNGProvider.invoke(TestNGProvider.java:106)
	at sun.reflect.NativeMethodAccessorImpl.invoke0(Native Method)
	at sun.reflect.NativeMethodAccessorImpl.invoke(NativeMethodAccessorImpl.java:62)
	at sun.reflect.DelegatingMethodAccessorImpl.invoke(DelegatingMethodAccessorImpl.java:43)
	at java.lang.reflect.Method.invoke(Method.java:498)
	at org.apache.maven.surefire.util.ReflectionUtils.invokeMethodWithArray(ReflectionUtils.java:189)
	at org.apache.maven.surefire.booter.ProviderFactory$ProviderProxy.invoke(ProviderFactory.java:165)
	at org.apache.maven.surefire.booter.ProviderFactory.invokeProvider(ProviderFactory.java:85)
	at org.apache.maven.surefire.booter.ForkedBooter.runSuitesInProcess(ForkedBooter.java:115)
	at org.apache.maven.surefire.booter.ForkedBooter.main(ForkedBooter.java:75)
</failure>
    <system-out>Configuring TestNG with: org.apache.maven.surefire.testng.conf.TestNG652Configurator@5679c6c6
Launching the Browser
</system-out>
  </testcase>
  <testcase classname="com.vTiger.CreateOrganizationTest.CreateDuplicateOrganizationTest" name="LoginTest" time="0.686">
    <skipped/>
  </testcase>
  <testcase classname="com.vTiger.CreateOrganizationTest.CreateDuplicateOrganizationTest" name="cretaeDuplicate_OrgTest" time="0.687">
    <skipped/>
  </testcase>
  <testcase classname="com.vTiger.CreateOrganizationTest.CreateDuplicateOrganizationTest" name="closeBrowser" time="0.687">
    <skipped/>
  </testcase>
  <testcase classname="com.vTiger.CreateOrganizationTest.CreateDuplicateOrganizationUsingQuickCreateTest" name="getBrowser" time="0.689">
    <skipped/>
  </testcase>
  <testcase classname="com.vTiger.CreateOrganizationTest.CreateDuplicateOrganizationUsingQuickCreateTest" name="LoginTest" time="0.689">
    <skipped/>
  </testcase>
  <testcase classname="com.vTiger.CreateOrganizationTest.CreateDuplicateOrganizationUsingQuickCreateTest" name="qc_Duplicate_Organization" time="0.689">
    <skipped/>
  </testcase>
  <testcase classname="com.vTiger.CreateOrganizationTest.CreateDuplicateOrganizationUsingQuickCreateTest" name="closeBrowser" time="0.689">
    <skipped/>
  </testcase>
  <testcase classname="com.vTiger.CreateOrganizationTest.CreateInvalidOrganizationTest" name="getBrowser" time="0.689">
    <skipped/>
  </testcase>
  <testcase classname="com.vTiger.CreateOrganizationTest.CreateInvalidOrganizationTest" name="LoginTest" time="0.689">
    <skipped/>
  </testcase>
  <testcase classname="com.vTiger.CreateOrganizationTest.CreateInvalidOrganizationTest" name="create_Invalid_OrganizationTest" time="0.689">
    <skipped/>
  </testcase>
  <testcase classname="com.vTiger.CreateOrganizationTest.CreateInvalidOrganizationTest" name="closeBrowser" time="0.689">
    <skipped/>
  </testcase>
  <testcase classname="com.vTiger.CreateOrganizationTest.CreateOrganizationAssignToGroupTest" name="getBrowser" time="0.689">
    <skipped/>
  </testcase>
  <testcase classname="com.vTiger.CreateOrganizationTest.CreateOrganizationAssignToGroupTest" name="LoginTest" time="0.689">
    <skipped/>
  </testcase>
  <testcase classname="com.vTiger.CreateOrganizationTest.CreateOrganizationAssignToGroupTest" name="assignTOGroupTest" time="0.689">
    <skipped/>
  </testcase>
  <testcase classname="com.vTiger.CreateOrganizationTest.CreateOrganizationAssignToGroupTest" name="closeBrowser" time="0.689">
    <skipped/>
  </testcase>
  <testcase classname="com.vTiger.CreateOrganizationTest.CreateOrganizationAssignToUserTest" name="getBrowser" time="0.689">
    <skipped/>
  </testcase>
  <testcase classname="com.vTiger.CreateOrganizationTest.CreateOrganizationAssignToUserTest" name="LoginTest" time="0.689">
    <skipped/>
  </testcase>
  <testcase classname="com.vTiger.CreateOrganizationTest.CreateOrganizationAssignToUserTest" name="assignUser" time="0.689">
    <skipped/>
  </testcase>
  <testcase classname="com.vTiger.CreateOrganizationTest.CreateOrganizationAssignToUserTest" name="closeBrowser" time="0.689">
    <skipped/>
  </testcase>
  <testcase classname="com.vTiger.CreateOrganizationTest.CreateOrganizationTest" name="getBrowser" time="0.689">
    <skipped/>
  </testcase>
  <testcase classname="com.vTiger.CreateOrganizationTest.CreateOrganizationTest" name="LoginTest" time="0.689">
    <skipped/>
  </testcase>
  <testcase classname="com.vTiger.CreateOrganizationTest.CreateOrganizationTest" name="createOrganization" time="0.706">
    <skipped/>
  </testcase>
  <testcase classname="com.vTiger.CreateOrganizationTest.CreateOrganizationTest" name="closeBrowser" time="0.706">
    <skipped/>
  </testcase>
  <testcase classname="com.vTiger.CreateOrganizationTest.CreateOrganizationUsingQuickCreateAndAssignToGroupTest" name="getBrowser" time="0.706">
    <skipped/>
  </testcase>
  <testcase classname="com.vTiger.CreateOrganizationTest.CreateOrganizationUsingQuickCreateAndAssignToGroupTest" name="LoginTest" time="0.706">
    <skipped/>
  </testcase>
  <testcase classname="com.vTiger.CreateOrganizationTest.CreateOrganizationUsingQuickCreateAndAssignToGroupTest" name="qc_GroupAssign" time="0.706">
    <skipped/>
  </testcase>
  <testcase classname="com.vTiger.CreateOrganizationTest.CreateOrganizationUsingQuickCreateAndAssignToGroupTest" name="closeBrowser" time="0.706">
    <skipped/>
  </testcase>
  <testcase classname="com.vTiger.CreateOrganizationTest.CreateOrganization_Assign_IndustryTest" name="getBrowser" time="0.706">
    <skipped/>
  </testcase>
  <testcase classname="com.vTiger.CreateOrganizationTest.CreateOrganization_Assign_IndustryTest" name="LoginTest" time="0.707">
    <skipped/>
  </testcase>
  <testcase classname="com.vTiger.CreateOrganizationTest.CreateOrganization_Assign_IndustryTest" name="assignIndustryTest" time="0.707">
    <skipped/>
  </testcase>
  <testcase classname="com.vTiger.CreateOrganizationTest.CreateOrganization_Assign_IndustryTest" name="closeBrowser" time="0.707">
    <skipped/>
  </testcase>
  <testcase classname="com.vTiger.CreateOrganizationTest.CreateOrganization_Assign_MemberOfTest" name="getBrowser" time="0.707">
    <skipped/>
  </testcase>
  <testcase classname="com.vTiger.CreateOrganizationTest.CreateOrganization_Assign_MemberOfTest" name="LoginTest" time="0.707">
    <skipped/>
  </testcase>
  <testcase classname="com.vTiger.CreateOrganizationTest.CreateOrganization_Assign_MemberOfTest" name="assignMember" time="0.707">
    <skipped/>
  </testcase>
  <testcase classname="com.vTiger.CreateOrganizationTest.CreateOrganization_Assign_MemberOfTest" name="closeBrowser" time="0.707">
    <skipped/>
  </testcase>
</testsuite>